<?xml version="1.0" encoding="UTF-8"?>
<!-- Generated by org.testng.reporters.JUnitReportReporter -->
<testsuite skipped="0" hostname="DESKTOP-3J7R858" name="com.automaitontalks.TestCase1" tests="3" failures="0" timestamp="2023-03-03T16:18:36 IST" time="34.751" errors="0">
  <testcase name="test2" time="15.885" classname="com.automaitontalks.TestCase1"/>
  <system-out/>
  <testcase name="test1" time="12.973" classname="com.automaitontalks.TestCase1"/>
  <system-out/>
  <testcase name="test3" time="5.893" classname="com.automaitontalks.TestCase1"/>
  <system-out/>
</testsuite> <!-- com.automaitontalks.TestCase1 -->
